<?xml version="1.0" encoding="UTF-8"?>
<testsuite name="ViewOrderTest" tests="1" skipped="0" failures="0" errors="0" timestamp="2022-02-23T02:54:38" hostname="DESKTOP-HCTL2QM" time="5.208">
  <properties/>
  <testcase name="test_wci_logo" classname="ViewOrderTest" time="5.208"/>
  <system-out><![CDATA[21:54:36.557 [Test worker] DEBUG io.github.bonigarcia.wdm.cache.ResolutionCache - Resolution chrome=98 in cache (valid until 22:44:06 22/02/2022 EST)
21:54:36.566 [Test worker] DEBUG io.github.bonigarcia.wdm.cache.ResolutionCache - Resolution chrome98=98.0.4758.102 in cache (valid until 17:15:41 23/02/2022 EST)
21:54:36.567 [Test worker] INFO io.github.bonigarcia.wdm.WebDriverManager - Using chromedriver 98.0.4758.102 (resolved driver for Chrome 98)
21:54:36.582 [Test worker] DEBUG io.github.bonigarcia.wdm.WebDriverManager - Driver chromedriver 98.0.4758.102 found in cache
21:54:36.583 [Test worker] INFO io.github.bonigarcia.wdm.WebDriverManager - Exporting webdriver.chrome.driver as C:\Users\kenny\.cache\selenium\chromedriver\win32\98.0.4758.102\chromedriver.exe
]]></system-out>
  <system-err><![CDATA[Starting ChromeDriver 98.0.4758.102 (273bf7ac8c909cde36982d27f66f3c70846a3718-refs/branch-heads/4758@{#1151}) on port 17158
Only local connections are allowed.
Please see https://chromedriver.chromium.org/security-considerations for suggestions on keeping ChromeDriver safe.
ChromeDriver was started successfully.
Feb. 22, 2022 9:54:38 P.M. org.openqa.selenium.remote.ProtocolHandshake createSession
INFO: Detected dialect: W3C
]]></system-err>
</testsuite>
