<?xml version="1.0" encoding="UTF-8"?>
<testsuite name="ViewOrderTest" tests="1" skipped="0" failures="0" errors="0" timestamp="2021-12-16T21:21:16" hostname="DESKTOP-HCTL2QM" time="7.138">
  <properties/>
  <testcase name="test_view_orders" classname="ViewOrderTest" time="7.138"/>
  <system-out><![CDATA[16:21:14.056 [Test worker] DEBUG io.github.bonigarcia.wdm.cache.ResolutionCache - Resolution chrome=96 in cache (valid until 16:30:51 16/12/2021 EST)
16:21:14.062 [Test worker] DEBUG io.github.bonigarcia.wdm.cache.ResolutionCache - Resolution chrome96=96.0.4664.45 in cache (valid until 15:30:51 17/12/2021 EST)
16:21:14.062 [Test worker] INFO io.github.bonigarcia.wdm.WebDriverManager - Using chromedriver 96.0.4664.45 (resolved driver for Chrome 96)
16:21:14.077 [Test worker] DEBUG io.github.bonigarcia.wdm.WebDriverManager - Driver chromedriver 96.0.4664.45 found in cache
16:21:14.077 [Test worker] INFO io.github.bonigarcia.wdm.WebDriverManager - Exporting webdriver.chrome.driver as C:\Users\kenny\.cache\selenium\chromedriver\win32\96.0.4664.45\chromedriver.exe
]]></system-out>
  <system-err><![CDATA[Starting ChromeDriver 96.0.4664.45 (76e4c1bb2ab4671b8beba3444e61c0f17584b2fc-refs/branch-heads/4664@{#947}) on port 9873
Only local connections are allowed.
Please see https://chromedriver.chromium.org/security-considerations for suggestions on keeping ChromeDriver safe.
ChromeDriver was started successfully.
Dec 16, 2021 4:21:15 PM org.openqa.selenium.remote.ProtocolHandshake createSession
INFO: Detected dialect: W3C
]]></system-err>
</testsuite>
