<?xml version="1.0" encoding="UTF-8"?>
<testsuite name="ViewOrderTest" tests="1" skipped="0" failures="0" errors="0" timestamp="2021-12-16T22:02:32" hostname="DESKTOP-HCTL2QM" time="3.293">
  <properties/>
  <testcase name="test_view_orders_details" classname="ViewOrderTest" time="3.293"/>
  <system-out><![CDATA[17:02:29.284 [Test worker] DEBUG io.github.bonigarcia.wdm.cache.ResolutionCache - Removing resolution chrome=96 from cache (expired on Thu Dec 16 16:30:51 EST 2021)
17:02:29.293 [Test worker] DEBUG io.github.bonigarcia.wdm.versions.Shell - Running command on the shell: [wmic.exe, datafile, where, name='C:\\Program Files (x86)\\Google\\Chrome\\Application\\chrome.exe', get, Version, /value]
17:02:29.407 [Test worker] DEBUG io.github.bonigarcia.wdm.versions.Shell - Result: 
17:02:29.407 [Test worker] DEBUG io.github.bonigarcia.wdm.versions.Shell - Running command on the shell: [wmic.exe, datafile, where, name='C:\\Users\\kenny\\AppData\\Local\\Google\\Chrome\\Application\\chrome.exe', get, Version, /value]
17:02:29.490 [Test worker] DEBUG io.github.bonigarcia.wdm.versions.Shell - Result: 
17:02:29.490 [Test worker] DEBUG io.github.bonigarcia.wdm.versions.Shell - Running command on the shell: [wmic.exe, datafile, where, name='C:\\Program Files\\Google\\Chrome\\Application\\chrome.exe', get, Version, /value]
17:02:29.578 [Test worker] DEBUG io.github.bonigarcia.wdm.versions.Shell - Result: Version=96.0.4664.110
17:02:29.580 [Test worker] DEBUG io.github.bonigarcia.wdm.cache.ResolutionCache - Resolution chrome96=96.0.4664.45 in cache (valid until 15:30:51 17/12/2021 EST)
17:02:29.580 [Test worker] INFO io.github.bonigarcia.wdm.WebDriverManager - Using chromedriver 96.0.4664.45 (resolved driver for Chrome 96)
17:02:29.581 [Test worker] DEBUG io.github.bonigarcia.wdm.cache.ResolutionCache - Storing resolution chrome=96 in cache (valid until 18:02:29 16/12/2021 EST)
17:02:29.595 [Test worker] DEBUG io.github.bonigarcia.wdm.WebDriverManager - Driver chromedriver 96.0.4664.45 found in cache
17:02:29.596 [Test worker] INFO io.github.bonigarcia.wdm.WebDriverManager - Exporting webdriver.chrome.driver as C:\Users\kenny\.cache\selenium\chromedriver\win32\96.0.4664.45\chromedriver.exe
]]></system-out>
  <system-err><![CDATA[Starting ChromeDriver 96.0.4664.45 (76e4c1bb2ab4671b8beba3444e61c0f17584b2fc-refs/branch-heads/4664@{#947}) on port 1197
Only local connections are allowed.
Please see https://chromedriver.chromium.org/security-considerations for suggestions on keeping ChromeDriver safe.
ChromeDriver was started successfully.
Dec 16, 2021 5:02:32 PM org.openqa.selenium.remote.ProtocolHandshake createSession
INFO: Detected dialect: W3C
]]></system-err>
</testsuite>
